<?xml version="1.0" encoding="UTF-8"?>
<testng-results ignored="0" total="1" passed="1" failed="0" skipped="0">
  <reporter-output>
  </reporter-output>
  <suite started-at="2022-06-24T17:08:57 EET" name="Default suite" finished-at="2022-06-24T17:09:11 EET" duration-ms="13646">
    <groups>
    </groups>
    <test started-at="2022-06-24T17:08:57 EET" name="Default test" finished-at="2022-06-24T17:09:11 EET" duration-ms="13646">
      <class name="test.OrganizationsTCases">
        <test-method is-config="true" signature="Login()[pri:0, instance:test.OrganizationsTCases@316bcf94]" started-at="2022-06-24T17:08:57 EET" name="Login" finished-at="2022-06-24T17:09:10 EET" duration-ms="13149" status="PASS">
          <reporter-output>
          </reporter-output>
        </test-method> <!-- Login -->
        <test-method signature="Globalsearch()[pri:1, instance:test.OrganizationsTCases@316bcf94]" started-at="2022-06-24T17:09:10 EET" name="Globalsearch" finished-at="2022-06-24T17:09:10 EET" duration-ms="18" status="PASS">
          <reporter-output>
          </reporter-output>
        </test-method> <!-- Globalsearch -->
        <test-method is-config="true" signature="teardown()[pri:0, instance:test.OrganizationsTCases@316bcf94]" started-at="2022-06-24T17:09:10 EET" name="teardown" finished-at="2022-06-24T17:09:11 EET" duration-ms="442" status="PASS">
          <reporter-output>
          </reporter-output>
        </test-method> <!-- teardown -->
      </class> <!-- test.OrganizationsTCases -->
    </test> <!-- Default test -->
  </suite> <!-- Default suite -->
</testng-results>
