<?xml version="1.0" encoding="UTF-8"?>
<testng-results ignored="0" total="1" passed="1" failed="0" skipped="0">
  <reporter-output>
  </reporter-output>
  <suite started-at="2022-06-24T19:54:32 EET" name="Default suite" finished-at="2022-06-24T19:55:03 EET" duration-ms="30645">
    <groups>
    </groups>
    <test started-at="2022-06-24T19:54:32 EET" name="Default test" finished-at="2022-06-24T19:55:03 EET" duration-ms="30645">
      <class name="test.OrganizationsTCases">
        <test-method is-config="true" signature="Createneworg()[pri:0, instance:test.OrganizationsTCases@316bcf94]" started-at="2022-06-24T19:54:32 EET" name="Createneworg" finished-at="2022-06-24T19:55:02 EET" duration-ms="30230" status="PASS">
          <reporter-output>
          </reporter-output>
        </test-method> <!-- Createneworg -->
        <test-method signature="CreateOrg()[pri:1, instance:test.OrganizationsTCases@316bcf94]" started-at="2022-06-24T19:55:02 EET" name="CreateOrg" finished-at="2022-06-24T19:55:02 EET" duration-ms="19" status="PASS">
          <reporter-output>
          </reporter-output>
        </test-method> <!-- CreateOrg -->
        <test-method is-config="true" signature="teardown()[pri:0, instance:test.OrganizationsTCases@316bcf94]" started-at="2022-06-24T19:55:02 EET" name="teardown" finished-at="2022-06-24T19:55:03 EET" duration-ms="356" status="PASS">
          <reporter-output>
          </reporter-output>
        </test-method> <!-- teardown -->
      </class> <!-- test.OrganizationsTCases -->
    </test> <!-- Default test -->
  </suite> <!-- Default suite -->
</testng-results>
